[suarendadigitalemcasa.com.br/index.html]
[backblue.gif]
[fade.gif]
[index.html]
[suarendadigitalemcasa.com.br/wp-content/uploads/2023/11/bg01.webp linear]
[suarendadigitalemcasa.com.br/wp-content/uploads/2023/11/logo.svg]
[suarendadigitalemcasa.com.br/wp-content/themes/hello-elementor/style.min41fe.css]
[suarendadigitalemcasa.com.br/wp-content/themes/hello-elementor/theme.min41fe.css]
[suarendadigitalemcasa.com.br/wp-content/themes/hello-elementor/header-footer.min41fe.css]
[suarendadigitalemcasa.com.br/wp-content/plugins/elementor/assets/css/frontend-lite.min3cad.css]
[suarendadigitalemcasa.com.br/wp-content/uploads/elementor/css/post-98f42.css]
[suarendadigitalemcasa.com.br/wp-content/plugins/elementor/assets/lib/swiper/v8/css/swiper.min94a4.css]
[suarendadigitalemcasa.com.br/feed/index.html]
[suarendadigitalemcasa.com.br/wp-content/plugins/elementor-pro/assets/css/frontend-lite.min11d9.css]
[suarendadigitalemcasa.com.br/wp-content/uploads/elementor/css/global4942.css]
[suarendadigitalemcasa.com.br/wp-content/uploads/elementor/css/post-787515.css]
[suarendadigitalemcasa.com.br/comments/feed/index.html]
[suarendadigitalemcasa.com.br/wp-content/plugins/happy-elementor-addons/assets/fonts/style.minf416.css]
[suarendadigitalemcasa.com.br/wp-content/plugins/elementor/assets/lib/font-awesome/css/font-awesome.min1849.css]
[suarendadigitalemcasa.com.br/wp-includes/js/jquery/jquery.minf43b.js]
[suarendadigitalemcasa.com.br/wp-includes/js/jquery/jquery-migrate.min5589.js]
[suarendadigitalemcasa.com.br/wp-json/index.html]
[suarendadigitalemcasa.com.br/wp-json/wp/v2/pages/78.json]
[suarendadigitalemcasa.com.br/xmlrpc0db0.php]
[suarendadigitalemcasa.com.br/wp-json/oembed/1.0/embed7565.json]
[suarendadigitalemcasa.com.br/wp-json/oembed/1.0/embedc15f]
[suarendadigitalemcasa.com.br/wp-content/uploads/2023/11/icon.svg]
[suarendadigitalemcasa.com.br/wp-content/uploads/2024/02/financeira.webp]
[suarendadigitalemcasa.com.br/wp-content/uploads/2024/02/geografica.webp]
[suarendadigitalemcasa.com.br/wp-content/uploads/2024/02/tempo.webp]
[suarendadigitalemcasa.com.br/wp-content/plugins/elementor/assets/css/widget-icon-box.min.css]
[suarendadigitalemcasa.com.br/wp-content/uploads/2024/02/01-1.webp]
[suarendadigitalemcasa.com.br/wp-content/uploads/2024/02/02-1.webp]
[suarendadigitalemcasa.com.br/wp-content/uploads/2024/02/03-1.webp]
[suarendadigitalemcasa.com.br/wp-content/uploads/2024/02/04-1.webp]
[suarendadigitalemcasa.com.br/wp-content/uploads/2024/02/05.webp]
[suarendadigitalemcasa.com.br/wp-content/uploads/2024/02/06.webp]
[suarendadigitalemcasa.com.br/wp-content/uploads/2024/02/NOTICIA-1-1024x646.webp]
[suarendadigitalemcasa.com.br/wp-content/uploads/2024/02/NOTICIA-2-1024x646.webp]
[suarendadigitalemcasa.com.br/wp-content/uploads/2024/02/mok07.webp]
[suarendadigitalemcasa.com.br/wp-content/uploads/2024/02/01.webp]
[suarendadigitalemcasa.com.br/wp-content/uploads/2024/02/Thiago-Hora.webp]
[suarendadigitalemcasa.com.br/wp-content/uploads/2024/02/Nathalia-narrima.webp]
[suarendadigitalemcasa.com.br/wp-content/plugins/elementor/assets/css/widget-icon-list.min.css]
[suarendadigitalemcasa.com.br/wp-content/themes/hello-elementor/assets/js/hello-frontend.min41fe.js]
[suarendadigitalemcasa.com.br/wp-content/plugins/happy-elementor-addons/assets/js/happy-addons.minf416.js]
[suarendadigitalemcasa.com.br/wp-content/plugins/elementor-pro/assets/js/webpack-pro.runtime.min11d9.js]
[suarendadigitalemcasa.com.br/wp-content/plugins/elementor/assets/js/webpack.runtime.min3cad.js]
[suarendadigitalemcasa.com.br/wp-content/plugins/elementor/assets/js/frontend-modules.min3cad.js]
[suarendadigitalemcasa.com.br/wp-includes/js/dist/hooks.min2757.js]
[suarendadigitalemcasa.com.br/wp-includes/js/dist/i18n.minc33c.js]
[suarendadigitalemcasa.com.br/wp-content/plugins/elementor-pro/assets/js/frontend.min11d9.js]
[suarendadigitalemcasa.com.br/wp-content/plugins/elementor/assets/lib/waypoints/waypoints.min05da.js]
[suarendadigitalemcasa.com.br/wp-includes/js/jquery/ui/core.minb37e.js]
[suarendadigitalemcasa.com.br/wp-content/plugins/elementor/assets/js/frontend.min3cad.js]
[suarendadigitalemcasa.com.br/index.html]
[suarendadigitalemcasa.com.br/wp-content/uploads/2023/11/bg01.html]
[suarendadigitalemcasa.com.br/wp-content/uploads/2023/11/logo.svg]
[suarendadigitalemcasa.com.br/wp-content/themes/hello-elementor/style.min41fe.css]
[suarendadigitalemcasa.com.br/wp-content/themes/hello-elementor/theme.min41fe.css]
[suarendadigitalemcasa.com.br/wp-content/themes/hello-elementor/header-footer.min41fe.css]
[suarendadigitalemcasa.com.br/wp-content/plugins/elementor/assets/css/frontend-lite.min3cad.css]
[suarendadigitalemcasa.com.br/wp-content/uploads/elementor/css/post-98f42.css]
[suarendadigitalemcasa.com.br/wp-content/plugins/elementor/assets/lib/swiper/v8/css/swiper.min94a4.css]
[suarendadigitalemcasa.com.br/wp-content/plugins/elementor-pro/assets/css/frontend-lite.min11d9.css]
[suarendadigitalemcasa.com.br/wp-content/uploads/elementor/css/global4942.css]
[suarendadigitalemcasa.com.br/wp-content/uploads/elementor/css/post-787515.css]
[suarendadigitalemcasa.com.br/wp-content/plugins/happy-elementor-addons/assets/fonts/style.minf416.css]
[suarendadigitalemcasa.com.br/wp-content/plugins/elementor/assets/lib/font-awesome/css/font-awesome.min1849.css]
[suarendadigitalemcasa.com.br/wp-includes/js/jquery/jquery.minf43b.js]
[suarendadigitalemcasa.com.br/wp-includes/js/jquery/jquery-migrate.min5589.js]
[suarendadigitalemcasa.com.br/wp-content/uploads/2023/11/icon.svg]
[suarendadigitalemcasa.com.br/wp-content/plugins/elementor-pro/assets/js/elements-handlers.min11d9.js]
[suarendadigitalemcasa.com.br/wp-content/plugins/elementor/assets/css/widget-icon-box.min.css]
[suarendadigitalemcasa.com.br/wp-content/plugins/elementor/assets/css/widget-icon-list.min.css]
[suarendadigitalemcasa.com.br/wp-content/themes/hello-elementor/assets/js/hello-frontend.min41fe.js]
[suarendadigitalemcasa.com.br/wp-content/plugins/happy-elementor-addons/assets/js/happy-addons.minf416.js]
[suarendadigitalemcasa.com.br/wp-content/plugins/elementor-pro/assets/js/webpack-pro.runtime.min11d9.js]
[suarendadigitalemcasa.com.br/wp-content/plugins/elementor/assets/js/webpack.runtime.min3cad.js]
[suarendadigitalemcasa.com.br/wp-content/plugins/elementor/assets/js/frontend-modules.min3cad.js]
[suarendadigitalemcasa.com.br/wp-includes/js/dist/hooks.min2757.js]
[suarendadigitalemcasa.com.br/wp-includes/js/dist/i18n.minc33c.js]
[suarendadigitalemcasa.com.br/wp-content/plugins/elementor-pro/assets/js/frontend.min11d9.js]
[suarendadigitalemcasa.com.br/wp-content/plugins/elementor/assets/lib/waypoints/waypoints.min05da.js]
[suarendadigitalemcasa.com.br/wp-includes/js/jquery/ui/core.minb37e.js]
[suarendadigitalemcasa.com.br/wp-content/plugins/elementor/assets/js/frontend.min3cad.js]
[suarendadigitalemcasa.com.br/wp-content/plugins/elementor-pro/assets/js/elements-handlers.min11d9.js]
